
Showing logs for build [32mcb-kubecd-environment-pr-197-18-7d8h4-1[0m stage [32mfrom-build-pack[0m and container [32mstep-credential-initializer-hslxh[0m
{"level":"warn","ts":1586306480.038134,"logger":"fallback-logger","caller":"logging/config.go:69","msg":"Fetch GitHub commit ID from kodata failed: \"ref: refs/heads/0.8.0-**-support-backwards-incompats\" is not a valid GitHub commit ID"}
{"level":"info","ts":1586306480.038731,"logger":"fallback-logger","caller":"creds-init/main.go:40","msg":"Credentials initialized."}

Showing logs for build [32mcb-kubecd-environment-pr-197-18-7d8h4-1[0m stage [32mfrom-build-pack[0m and container [32mstep-working-dir-initializer-hpktd[0m
{"level":"warn","ts":1586306481.4390173,"logger":"fallback-logger","caller":"logging/config.go:69","msg":"Fetch GitHub commit ID from kodata failed: open /var/run/ko/HEAD: no such file or directory"}
{"level":"info","ts":1586306481.440717,"logger":"fallback-logger","caller":"bash/main.go:64","msg":"Successfully executed command \"sh -c mkdir -p /workspace/source\"; output "}

Showing logs for build [32mcb-kubecd-environment-pr-197-18-7d8h4-1[0m stage [32mfrom-build-pack[0m and container [32mstep-place-tools[0m

Showing logs for build [32mcb-kubecd-environment-pr-197-18-7d8h4-1[0m stage [32mfrom-build-pack[0m and container [32mstep-git-source-cb-kubecd-environment-pr-197-18-7d8h4-8sccn[0m
{"level":"warn","ts":1586306513.7297297,"logger":"fallback-logger","caller":"logging/config.go:69","msg":"Fetch GitHub commit ID from kodata failed: \"ref: refs/heads/0.8.0-**-support-backwards-incompats\" is not a valid GitHub commit ID"}
{"level":"info","ts":1586306514.8504872,"logger":"fallback-logger","caller":"git/git.go:103","msg":"Successfully cloned https://github.com/cb-kubecd/environment-pr-197-18-boot-vault-gke-staging.git @ master in path /workspace/source"}

Showing logs for build [32mcb-kubecd-environment-pr-197-18-7d8h4-1[0m stage [32mfrom-build-pack[0m and container [32mstep-git-merge[0m
Using SHAs from PULL_REFS=master:5f5f11219c82feb6fe2ac3d998925660bdaa0b20,1:f1e96f2fcdca098b8f2c8d6ed55e6eec92425696
DEBUG: LC_ALL=C JX_LOG_LEVEL=error git fetch origin --unshallow f1e96f2fcdca098b8f2c8d6ed55e6eec92425696: 5f5f11219c82feb6fe2ac3d998925660bdaa0b20:
DEBUG: ran git fetch --unshallow origin f1e96f2fcdca098b8f2c8d6ed55e6eec92425696: 5f5f11219c82feb6fe2ac3d998925660bdaa0b20: in 
DEBUG: JX_LOG_LEVEL=error LC_ALL=C git branch
DEBUG: LC_ALL=C JX_LOG_LEVEL=error git checkout master
DEBUG: ran git checkout master in 
DEBUG: JX_LOG_LEVEL=error LC_ALL=C git reset --hard 5f5f11219c82feb6fe2ac3d998925660bdaa0b20
DEBUG: ran git reset --hard 5f5f11219c82feb6fe2ac3d998925660bdaa0b20 in 
DEBUG: LC_ALL=C JX_LOG_LEVEL=error git clean -fd .
DEBUG: ran clean --force -d . in 
DEBUG: LC_ALL=C JX_LOG_LEVEL=error git merge f1e96f2fcdca098b8f2c8d6ed55e6eec92425696
DEBUG: ran git merge f1e96f2fcdca098b8f2c8d6ed55e6eec92425696 in 
DEBUG: LC_ALL=C JX_LOG_LEVEL=error git log --format=%H%x1f%an%x1f%ae%x1f%cn%x1f%ce%x1f%s%n%b%x1e 5f5f11219c82feb6fe2ac3d998925660bdaa0b20..HEAD
Merged SHA f1e96f2fcdca098b8f2c8d6ed55e6eec92425696 with commit message 'chore: Promote bdd-spring-1586306162 to version 0.0.1' into base branch master

Showing logs for build [32mcb-kubecd-environment-pr-197-18-7d8h4-1[0m stage [32mfrom-build-pack[0m and container [32mstep-build-helm-build[0m
WARNING: No $CHART_REPOSITORY defined so using the default value of: http://jenkins-x-chartmuseum:8080
Adding missing Helm repo: storage.googleapis.com https://storage.googleapis.com/chartmuseum.jenkins-x.io
WARNING: No secrets found on "helm/repos" due: reading the secret "helm/repos" from vault: no secret "helm/repos" not found in vault
Read credentials for https://storage.googleapis.com/chartmuseum.jenkins-x.io from vault helm/repos
Successfully added Helm repository storage.googleapis.com.
Adding missing Helm repo: jenkins-x-chartmuseum http://jenkins-x-chartmuseum:8080
WARNING: No secrets found on "helm/repos" due: reading the secret "helm/repos" from vault: no secret "helm/repos" not found in vault
Read credentials for http://jenkins-x-chartmuseum:8080 from vault helm/repos
Successfully added Helm repository jenkins-x-chartmuseum.
WARNING: No $CHART_REPOSITORY defined so using the default value of: http://jenkins-x-chartmuseum:8080
Adding missing Helm repo: chartmuseum.jenkins-x.io http://chartmuseum.jenkins-x.io
WARNING: No secrets found on "helm/repos" due: reading the secret "helm/repos" from vault: no secret "helm/repos" not found in vault
Read credentials for http://chartmuseum.jenkins-x.io from vault helm/repos
Successfully added Helm repository chartmuseum.jenkins-x.io.
