
Showing logs for build [32mcb-kubecd-environment-pr-197-18-6wsjg-1[0m stage [32mfrom-build-pack[0m and container [32mstep-credential-initializer-sg2k5[0m
{"level":"warn","ts":1586309356.9962306,"logger":"fallback-logger","caller":"logging/config.go:69","msg":"Fetch GitHub commit ID from kodata failed: \"ref: refs/heads/0.8.0-**-support-backwards-incompats\" is not a valid GitHub commit ID"}
{"level":"info","ts":1586309356.9972217,"logger":"fallback-logger","caller":"creds-init/main.go:40","msg":"Credentials initialized."}

Showing logs for build [32mcb-kubecd-environment-pr-197-18-6wsjg-1[0m stage [32mfrom-build-pack[0m and container [32mstep-working-dir-initializer-5wh5q[0m
{"level":"warn","ts":1586309358.0866299,"logger":"fallback-logger","caller":"logging/config.go:69","msg":"Fetch GitHub commit ID from kodata failed: open /var/run/ko/HEAD: no such file or directory"}
{"level":"info","ts":1586309358.0920162,"logger":"fallback-logger","caller":"bash/main.go:64","msg":"Successfully executed command \"sh -c mkdir -p /workspace/source\"; output "}

Showing logs for build [32mcb-kubecd-environment-pr-197-18-6wsjg-1[0m stage [32mfrom-build-pack[0m and container [32mstep-place-tools[0m

Showing logs for build [32mcb-kubecd-environment-pr-197-18-6wsjg-1[0m stage [32mfrom-build-pack[0m and container [32mstep-git-source-cb-kubecd-environment-pr-197-18-6wsjg-l5vmf[0m
{"level":"warn","ts":1586309362.3213704,"logger":"fallback-logger","caller":"logging/config.go:69","msg":"Fetch GitHub commit ID from kodata failed: \"ref: refs/heads/0.8.0-**-support-backwards-incompats\" is not a valid GitHub commit ID"}
{"level":"info","ts":1586309363.394061,"logger":"fallback-logger","caller":"git/git.go:103","msg":"Successfully cloned https://github.com/cb-kubecd/environment-pr-197-18-boot-vault-gke-staging.git @ master in path /workspace/source"}

Showing logs for build [32mcb-kubecd-environment-pr-197-18-6wsjg-1[0m stage [32mfrom-build-pack[0m and container [32mstep-git-merge[0m
Using SHAs from PULL_REFS=master:cc527e3940af82bda055bc69ae7dbd0b6bc3e502,3:45cb40d4f9e6aa95e2f0b2e6ed1f3dba6b37ee83
DEBUG: LC_ALL=C JX_LOG_LEVEL=error git fetch origin --unshallow 45cb40d4f9e6aa95e2f0b2e6ed1f3dba6b37ee83: cc527e3940af82bda055bc69ae7dbd0b6bc3e502:
DEBUG: ran git fetch --unshallow origin 45cb40d4f9e6aa95e2f0b2e6ed1f3dba6b37ee83: cc527e3940af82bda055bc69ae7dbd0b6bc3e502: in 
DEBUG: LC_ALL=C JX_LOG_LEVEL=error git branch
DEBUG: LC_ALL=C JX_LOG_LEVEL=error git checkout master
DEBUG: ran git checkout master in 
DEBUG: JX_LOG_LEVEL=error LC_ALL=C git reset --hard cc527e3940af82bda055bc69ae7dbd0b6bc3e502
DEBUG: ran git reset --hard cc527e3940af82bda055bc69ae7dbd0b6bc3e502 in 
DEBUG: JX_LOG_LEVEL=error LC_ALL=C git clean -fd .
DEBUG: ran clean --force -d . in 
DEBUG: LC_ALL=C JX_LOG_LEVEL=error git merge 45cb40d4f9e6aa95e2f0b2e6ed1f3dba6b37ee83
DEBUG: ran git merge 45cb40d4f9e6aa95e2f0b2e6ed1f3dba6b37ee83 in 
DEBUG: LC_ALL=C JX_LOG_LEVEL=error git log --format=%H%x1f%an%x1f%ae%x1f%cn%x1f%ce%x1f%s%n%b%x1e cc527e3940af82bda055bc69ae7dbd0b6bc3e502..HEAD
Merged SHA 45cb40d4f9e6aa95e2f0b2e6ed1f3dba6b37ee83 with commit message 'chore: Promote bdd-gh-1586307831 to version 0.0.1' into base branch master

Showing logs for build [32mcb-kubecd-environment-pr-197-18-6wsjg-1[0m stage [32mfrom-build-pack[0m and container [32mstep-build-helm-build[0m
WARNING: No $CHART_REPOSITORY defined so using the default value of: http://jenkins-x-chartmuseum:8080
Adding missing Helm repo: storage.googleapis.com https://storage.googleapis.com/chartmuseum.jenkins-x.io
WARNING: No secrets found on "helm/repos" due: reading the secret "helm/repos" from vault: no secret "helm/repos" not found in vault
Read credentials for https://storage.googleapis.com/chartmuseum.jenkins-x.io from vault helm/repos
Successfully added Helm repository storage.googleapis.com.
Adding missing Helm repo: jenkins-x-chartmuseum http://jenkins-x-chartmuseum:8080
WARNING: No secrets found on "helm/repos" due: reading the secret "helm/repos" from vault: no secret "helm/repos" not found in vault
Read credentials for http://jenkins-x-chartmuseum:8080 from vault helm/repos
Successfully added Helm repository jenkins-x-chartmuseum.
WARNING: No $CHART_REPOSITORY defined so using the default value of: http://jenkins-x-chartmuseum:8080
Adding missing Helm repo: chartmuseum.jenkins-x.io http://chartmuseum.jenkins-x.io
WARNING: No secrets found on "helm/repos" due: reading the secret "helm/repos" from vault: no secret "helm/repos" not found in vault
Read credentials for http://chartmuseum.jenkins-x.io from vault helm/repos
Successfully added Helm repository chartmuseum.jenkins-x.io.
